<?xml version="1.0" encoding="UTF-8"?>
<!-- Generated by org.testng.reporters.JUnitReportReporter -->
<testsuite name="Acedemy.HomePage" tests="1" time="21.940" ignored="0" failures="0" timestamp="01 May 2018 03:42:13 GMT" skipped="0" hostname="win8" errors="0">
  <testcase name="basePageNavigation" time="21.940" classname="Acedemy.HomePage"/>
</testsuite> <!-- Acedemy.HomePage -->
